<?xml version="1.0" encoding="UTF-8"?>
<testsuite name="Booking" tests="10" skipped="0" failures="0" errors="0" timestamp="2024-09-26T18:27:07" hostname="SHUBHANGI-WIN" time="18.432">
  <properties/>
  <testcase name="Get booking ids" classname="Booking" time="5.959"/>
  <testcase name="Get booking with valid ID" classname="Booking" time="1.397"/>
  <testcase name="Create Booking" classname="Booking" time="1.45"/>
  <testcase name="Update Booking" classname="Booking" time="1.412"/>
  <testcase name="Partial Update Booking" classname="Booking" time="1.578"/>
  <testcase name="Delete Booking" classname="Booking" time="1.51"/>
  <testcase name="HealthCheck" classname="Booking" time="1.342"/>
  <testcase name="Get booking with invalid ID" classname="Booking" time="1.308"/>
  <testcase name="Create booking with invalid payload" classname="Booking" time="1.215"/>
  <testcase name="Update booking without authentication" classname="Booking" time="1.258"/>
  <system-out><![CDATA[Sending GET request to: /booking service
Sending GET request to: /booking/7 service
Sending POST request to: /booking service
Sending PUT request to: /booking/7 service
Sending PUT request to: /booking/7 service
Sending DELETE request to: /booking/2916 service
Sending GET request to: /ping service
Sending GET request to: /booking/0 service
Sending POST request to: /booking service
Sending PUT request to: /booking/0 service
]]></system-out>
  <system-err><![CDATA[]]></system-err>
</testsuite>
